{
  "0 debug pnpm:scope": {
    "selected": 1
  },
  "1 error pnpm": {
    "shortMessage": "Command failed with exit code 1: C:\\Users\\Eric\\AppData\\Roaming\\npm\\pnpm.CMD add --version --global --global-dir=C:\\Users\\Eric\\AppData\\Local\\Temp\\dlx-21976 --dir=C:\\Users\\Eric\\AppData\\Local\\Temp\\dlx-21976 --config.global-bin-dir=C:\\Users\\Eric\\AppData\\Local\\Temp\\dlx-21976",
    "command": "C:\\Users\\Eric\\AppData\\Roaming\\npm\\pnpm.CMD add --version --global --global-dir=C:\\Users\\Eric\\AppData\\Local\\Temp\\dlx-21976 --dir=C:\\Users\\Eric\\AppData\\Local\\Temp\\dlx-21976 --config.global-bin-dir=C:\\Users\\Eric\\AppData\\Local\\Temp\\dlx-21976",
    "escapedCommand": "\"C:\\Users\\Eric\\AppData\\Roaming\\npm\\pnpm.CMD\" add --version --global \"--global-dir=C:\\Users\\Eric\\AppData\\Local\\Temp\\dlx-21976\" \"--dir=C:\\Users\\Eric\\AppData\\Local\\Temp\\dlx-21976\" \"--config.global-bin-dir=C:\\Users\\Eric\\AppData\\Local\\Temp\\dlx-21976\"",
    "exitCode": 1,
    "failed": true,
    "timedOut": false,
    "isCanceled": false,
    "killed": false,
    "err": {
      "name": "pnpm",
      "message": "Command failed with exit code 1: C:\\Users\\Eric\\AppData\\Roaming\\npm\\pnpm.CMD add --version --global --global-dir=C:\\Users\\Eric\\AppData\\Local\\Temp\\dlx-21976 --dir=C:\\Users\\Eric\\AppData\\Local\\Temp\\dlx-21976 --config.global-bin-dir=C:\\Users\\Eric\\AppData\\Local\\Temp\\dlx-21976",
      "stack": "pnpm: Command failed with exit code 1: C:\\Users\\Eric\\AppData\\Roaming\\npm\\pnpm.CMD add --version --global --global-dir=C:\\Users\\Eric\\AppData\\Local\\Temp\\dlx-21976 --dir=C:\\Users\\Eric\\AppData\\Local\\Temp\\dlx-21976 --config.global-bin-dir=C:\\Users\\Eric\\AppData\\Local\\Temp\\dlx-21976\n    at makeError (C:\\Users\\Eric\\AppData\\Roaming\\npm\\pnpm-global\\5\\node_modules\\.pnpm\\pnpm@7.0.0\\node_modules\\pnpm\\dist\\pnpx.cjs:36810:17)\n    at handlePromise (C:\\Users\\Eric\\AppData\\Roaming\\npm\\pnpm-global\\5\\node_modules\\.pnpm\\pnpm@7.0.0\\node_modules\\pnpm\\dist\\pnpx.cjs:37381:33)\n    at processTicksAndRejections (node:internal/process/task_queues:96:5)\n    at async Object.handler [as dlx] (C:\\Users\\Eric\\AppData\\Roaming\\npm\\pnpm-global\\5\\node_modules\\.pnpm\\pnpm@7.0.0\\node_modules\\pnpm\\dist\\pnpx.cjs:169994:7)\n    at async C:\\Users\\Eric\\AppData\\Roaming\\npm\\pnpm-global\\5\\node_modules\\.pnpm\\pnpm@7.0.0\\node_modules\\pnpm\\dist\\pnpx.cjs:175391:21\n    at async run (C:\\Users\\Eric\\AppData\\Roaming\\npm\\pnpm-global\\5\\node_modules\\.pnpm\\pnpm@7.0.0\\node_modules\\pnpm\\dist\\pnpx.cjs:175365:34)\n    at async C:\\Users\\Eric\\AppData\\Roaming\\npm\\pnpm-global\\5\\node_modules\\.pnpm\\pnpm@7.0.0\\node_modules\\pnpm\\dist\\pnpx.cjs:175437:5"
    }
  }
}